2016/05/03 00:18:04 [error] [exception.CHttpException.404] exception 'CHttpException' with message 'Unable to resolve the request "assets/d209a2b0/jquery.js".' in /vagrant/www/internet/framework/web/CWebApplication.php:286
Stack trace:
#0 /vagrant/www/internet/framework/web/CWebApplication.php(141): CWebApplication->runController('assets/d209a2b0...')
#1 /vagrant/www/internet/framework/base/CApplication.php(184): CWebApplication->processRequest()
#2 /vagrant/www/internet/internet/index.php(13): CApplication->run()
#3 {main}
REQUEST_URI=/assets/d209a2b0/jquery.js
HTTP_REFERER=http://internet.local:8080/site/teacherLogin
---
2016/05/03 16:02:23 [error] [exception.CHttpException.404] exception 'CHttpException' with message '无法解析请求 "favicon.ico"。' in F:\www\mstv\framework\web\CWebApplication.php:286
Stack trace:
#0 F:\www\mstv\framework\web\CWebApplication.php(141): CWebApplication->runController('favicon.ico')
#1 F:\www\mstv\framework\base\CApplication.php(184): CWebApplication->processRequest()
#2 F:\www\mstv\internet\index.php(13): CApplication->run()
#3 {main}
REQUEST_URI=/favicon.ico
HTTP_REFERER=http://internet.local/site/index
---
2016/05/03 16:05:15 [error] [exception.CDbException] exception 'CDbException' with message 'CDbConnection failed to open the DB connection: SQLSTATE[HY000] [1045] Access denied for user 'internet'@'localhost' (using password: YES)' in F:\www\mstv\framework\db\CDbConnection.php:399
Stack trace:
#0 F:\www\mstv\framework\db\CDbConnection.php(347): CDbConnection->open()
#1 F:\www\mstv\framework\db\CDbConnection.php(325): CDbConnection->setActive(true)
#2 F:\www\mstv\framework\base\CModule.php(394): CDbConnection->init()
#3 F:\www\mstv\framework\base\CApplication.php(458): CModule->getComponent('db')
#4 F:\www\mstv\framework\db\ar\CActiveRecord.php(637): CApplication->getDb()
#5 F:\www\mstv\framework\db\ar\CActiveRecord.php(1433): CActiveRecord->getDbConnection()
#6 F:\www\mstv\framework\db\ar\CActiveRecord.php(1522): CActiveRecord->getTableAlias(true)
#7 F:\www\mstv\internet\protected\components\TeacherUserIdentity.php(22): CActiveRecord->findByAttributes(Array)
#8 F:\www\mstv\internet\protected\models\TeacherLoginForm.php(52): TeacherUserIdentity->authenticate()
#9 F:\www\mstv\framework\validators\CInlineValidator.php(42): TeacherLoginForm->authenticate('password', Array)
#10 F:\www\mstv\framework\validators\CValidator.php(201): CInlineValidator->validateAttribute(Object(TeacherLoginForm), 'password')
#11 F:\www\mstv\framework\base\CModel.php(159): CValidator->validate(Object(TeacherLoginForm), NULL)
#12 F:\www\mstv\internet\protected\controllers\SiteController.php(56): CModel->validate()
#13 F:\www\mstv\framework\web\actions\CInlineAction.php(49): SiteController->actionTeacherLogin()
#14 F:\www\mstv\framework\web\CController.php(308): CInlineAction->runWithParams(Array)
#15 F:\www\mstv\framework\web\CController.php(286): CController->runAction(Object(CInlineAction))
#16 F:\www\mstv\framework\web\CController.php(265): CController->runActionWithFilters(Object(CInlineAction), Array)
#17 F:\www\mstv\framework\web\CWebApplication.php(282): CController->run('Teacherlogin')
#18 F:\www\mstv\framework\web\CWebApplication.php(141): CWebApplication->runController('site/Teacherlog...')
#19 F:\www\mstv\framework\base\CApplication.php(184): CWebApplication->processRequest()
#20 F:\www\mstv\internet\index.php(13): CApplication->run()
#21 {main}
REQUEST_URI=/site/Teacherlogin
HTTP_REFERER=http://internet.local/site/teacherLogin
---
2016/05/03 16:30:36 [error] [php] include(mstv_user.php): failed to open stream: No such file or directory (F:\www\mstv\framework\YiiBase.php:432)
Stack trace:
#0 F:\www\mstv\internet\protected\controllers\BackgroundController.php(40): spl_autoload_call()
#1 F:\www\mstv\framework\web\actions\CInlineAction.php(49): BackgroundController->actionStudentInfo()
#2 F:\www\mstv\framework\web\CController.php(308): CInlineAction->runWithParams()
#3 F:\www\mstv\framework\web\CController.php(286): BackgroundController->runAction()
#4 F:\www\mstv\framework\web\CController.php(265): BackgroundController->runActionWithFilters()
#5 F:\www\mstv\framework\web\CWebApplication.php(282): BackgroundController->run()
#6 F:\www\mstv\framework\web\CWebApplication.php(141): CWebApplication->runController()
#7 F:\www\mstv\framework\base\CApplication.php(184): CWebApplication->processRequest()
#8 F:\www\mstv\internet\index.php(13): CWebApplication->run()
REQUEST_URI=/background/StudentInfo/
in F:\www\mstv\internet\protected\controllers\BackgroundController.php (40)
in F:\www\mstv\internet\index.php (13)
2016/05/03 16:39:24 [error] [php] include(LinkPager.php): failed to open stream: No such file or directory (F:\www\mstv\framework\YiiBase.php:432)
Stack trace:
#0 unknown(0): spl_autoload_call()
#1 F:\www\mstv\framework\YiiBase.php(303): class_exists()
#2 F:\www\mstv\framework\web\CWidgetFactory.php(146): import()
#3 F:\www\mstv\framework\web\CBaseController.php(146): CWidgetFactory->createWidget()
#4 F:\www\mstv\framework\web\CBaseController.php(180): BackgroundController->createWidget()
#5 F:\www\mstv\internet\protected\views\background\student_show.php(62): BackgroundController->widget()
#6 F:\www\mstv\framework\web\CBaseController.php(126): require()
#7 F:\www\mstv\framework\web\CBaseController.php(95): BackgroundController->renderInternal()
#8 F:\www\mstv\framework\web\CController.php(869): BackgroundController->renderFile()
#9 F:\www\mstv\framework\web\CController.php(782): BackgroundController->renderPartial()
#10 F:\www\mstv\internet\protected\controllers\BackgroundController.php(49): BackgroundController->render()
#11 F:\www\mstv\framework\web\actions\CInlineAction.php(49): BackgroundController->actionStudentInfo()
#12 F:\www\mstv\framework\web\CController.php(308): CInlineAction->runWithParams()
#13 F:\www\mstv\framework\web\CController.php(286): BackgroundController->runAction()
#14 F:\www\mstv\framework\web\CController.php(265): BackgroundController->runActionWithFilters()
#15 F:\www\mstv\framework\web\CWebApplication.php(282): BackgroundController->run()
#16 F:\www\mstv\framework\web\CWebApplication.php(141): CWebApplication->runController()
#17 F:\www\mstv\framework\base\CApplication.php(184): CWebApplication->processRequest()
#18 F:\www\mstv\internet\index.php(13): CWebApplication->run()
REQUEST_URI=/background/StudentInfo/
in F:\www\mstv\internet\protected\views\background\student_show.php (62)
in F:\www\mstv\internet\protected\controllers\BackgroundController.php (49)
in F:\www\mstv\internet\index.php (13)
2016/05/04 02:44:19 [error] [exception.CDbException] exception 'CDbException' with message 'CDbConnection failed to open the DB connection: SQLSTATE[HY000] [1045] Access denied for user 'internet'@'localhost' (using password: YES)' in F:\www\mstv\framework\db\CDbConnection.php:399
Stack trace:
#0 F:\www\mstv\framework\db\CDbConnection.php(347): CDbConnection->open()
#1 F:\www\mstv\framework\db\CDbConnection.php(325): CDbConnection->setActive(true)
#2 F:\www\mstv\framework\base\CModule.php(394): CDbConnection->init()
#3 F:\www\mstv\framework\base\CApplication.php(458): CModule->getComponent('db')
#4 F:\www\mstv\framework\db\ar\CActiveRecord.php(637): CApplication->getDb()
#5 F:\www\mstv\framework\db\ar\CActiveRecord.php(670): CActiveRecord->getDbConnection()
#6 F:\www\mstv\framework\db\ar\CActiveRecord.php(1601): CActiveRecord->getCommandBuilder()
#7 F:\www\mstv\internet\protected\controllers\BackgroundController.php(37): CActiveRecord->count(Object(CDbCriteria))
#8 F:\www\mstv\framework\web\actions\CInlineAction.php(49): BackgroundController->actionStudentInfo()
#9 F:\www\mstv\framework\web\CController.php(308): CInlineAction->runWithParams(Array)
#10 F:\www\mstv\framework\web\CController.php(286): CController->runAction(Object(CInlineAction))
#11 F:\www\mstv\framework\web\CController.php(265): CController->runActionWithFilters(Object(CInlineAction), Array)
#12 F:\www\mstv\framework\web\CWebApplication.php(282): CController->run('StudentInfo')
#13 F:\www\mstv\framework\web\CWebApplication.php(141): CWebApplication->runController('background/Stud...')
#14 F:\www\mstv\framework\base\CApplication.php(184): CWebApplication->processRequest()
#15 F:\www\mstv\internet\index.php(13): CApplication->run()
#16 {main}
REQUEST_URI=/background/StudentInfo
HTTP_REFERER=http://internet.local/background/StudentInfo/page/2
---
2016/05/04 02:46:56 [error] [php] Undefined variable: teacher (F:\www\mstv\internet\protected\views\background\teacher_show.php:44)
Stack trace:
#0 F:\www\mstv\framework\web\CController.php(869): BackgroundController->renderFile()
#1 F:\www\mstv\framework\web\CController.php(782): BackgroundController->renderPartial()
#2 F:\www\mstv\internet\protected\controllers\BackgroundController.php(74): BackgroundController->render()
#3 F:\www\mstv\framework\web\actions\CInlineAction.php(49): BackgroundController->actionTeacherInfo()
#4 F:\www\mstv\framework\web\CController.php(308): CInlineAction->runWithParams()
#5 F:\www\mstv\framework\web\CController.php(286): BackgroundController->runAction()
#6 F:\www\mstv\framework\web\CController.php(265): BackgroundController->runActionWithFilters()
#7 F:\www\mstv\framework\web\CWebApplication.php(282): BackgroundController->run()
#8 F:\www\mstv\framework\web\CWebApplication.php(141): CWebApplication->runController()
#9 F:\www\mstv\framework\base\CApplication.php(184): CWebApplication->processRequest()
#10 F:\www\mstv\internet\index.php(13): CWebApplication->run()
REQUEST_URI=/background/TeacherInfo/
in F:\www\mstv\internet\protected\views\background\teacher_show.php (44)
in F:\www\mstv\internet\protected\controllers\BackgroundController.php (74)
in F:\www\mstv\internet\index.php (13)
2016/05/22 07:39:59 [error] [exception.CHttpException.404] exception 'CHttpException' with message '无法解析请求 "favicon.ico"。' in F:\www\mstv\framework\web\CWebApplication.php:286
Stack trace:
#0 F:\www\mstv\framework\web\CWebApplication.php(141): CWebApplication->runController('favicon.ico')
#1 F:\www\mstv\framework\base\CApplication.php(184): CWebApplication->processRequest()
#2 F:\www\mstv\internet\index.php(13): CApplication->run()
#3 {main}
REQUEST_URI=/favicon.ico
HTTP_REFERER=http://internet.local/site/index
---
2016/05/22 14:18:03 [error] [exception.CHttpException.404] exception 'CHttpException' with message '无法解析请求 "favicon.ico"。' in /vagrant/www/internet/framework/web/CWebApplication.php:286
Stack trace:
#0 /vagrant/www/internet/framework/web/CWebApplication.php(141): CWebApplication->runController('favicon.ico')
#1 /vagrant/www/internet/framework/base/CApplication.php(184): CWebApplication->processRequest()
#2 /vagrant/www/internet/internet/index.php(13): CApplication->run()
#3 {main}
REQUEST_URI=/favicon.ico
HTTP_REFERER=http://internet.local:8080/site/index
---
2016/05/22 14:21:46 [error] [exception.CException] exception 'CException' with message 'CAssetManager.basePath "/vagrant/www/internet/internet/assets" 是无效的. 请确定它是一个可被 Web server process 写入资料的目录.' in /vagrant/www/internet/framework/web/CAssetManager.php:138
Stack trace:
#0 /vagrant/www/internet/framework/web/CAssetManager.php(123): CAssetManager->setBasePath('/vagrant/www/in...')
#1 /vagrant/www/internet/framework/web/CAssetManager.php(217): CAssetManager->getBasePath()
#2 /vagrant/www/internet/framework/web/CClientScript.php(511): CAssetManager->publish('/vagrant/www/in...')
#3 /vagrant/www/internet/framework/web/CClientScript.php(548): CClientScript->getCoreScriptUrl()
#4 /vagrant/www/internet/framework/web/CClientScript.php(349): CClientScript->getPackageBaseUrl('jquery')
#5 /vagrant/www/internet/framework/web/CClientScript.php(208): CClientScript->renderCoreScripts()
#6 /vagrant/www/internet/framework/web/CController.php(351): CClientScript->render('<!DOCTYPE html>...')
#7 /vagrant/www/internet/framework/web/CController.php(788): CController->processOutput('<!DOCTYPE html>...')
#8 /vagrant/www/internet/internet/protected/controllers/SiteController.php(34): CController->render('index', Array)
#9 /vagrant/www/internet/framework/web/actions/CInlineAction.php(49): SiteController->actionIndex()
#10 /vagrant/www/internet/framework/web/CController.php(308): CInlineAction->runWithParams(Array)
#11 /vagrant/www/internet/framework/web/CController.php(286): CController->runAction(Object(CInlineAction))
#12 /vagrant/www/internet/framework/web/CController.php(265): CController->runActionWithFilters(Object(CInlineAction), Array)
#13 /vagrant/www/internet/framework/web/CWebApplication.php(282): CController->run('index')
#14 /vagrant/www/internet/framework/web/CWebApplication.php(141): CWebApplication->runController('site/index')
#15 /vagrant/www/internet/framework/base/CApplication.php(184): CWebApplication->processRequest()
#16 /vagrant/www/internet/internet/index.php(13): CApplication->run()
#17 {main}
REQUEST_URI=/site/index
---
2016/05/22 08:25:42 [error] [exception.CDbException] exception 'CDbException' with message 'CDbConnection failed to open the DB connection: SQLSTATE[HY000] [1045] Access denied for user 'internet'@'localhost' (using password: YES)' in F:\www\mstv\framework\db\CDbConnection.php:399
Stack trace:
#0 F:\www\mstv\framework\db\CDbConnection.php(347): CDbConnection->open()
#1 F:\www\mstv\framework\db\CDbConnection.php(325): CDbConnection->setActive(true)
#2 F:\www\mstv\framework\base\CModule.php(394): CDbConnection->init()
#3 F:\www\mstv\framework\base\CApplication.php(458): CModule->getComponent('db')
#4 F:\www\mstv\framework\db\ar\CActiveRecord.php(637): CApplication->getDb()
#5 F:\www\mstv\framework\db\ar\CActiveRecord.php(670): CActiveRecord->getDbConnection()
#6 F:\www\mstv\framework\db\ar\CActiveRecord.php(1601): CActiveRecord->getCommandBuilder()
#7 F:\www\mstv\internet\protected\controllers\StudentController.php(73): CActiveRecord->count(Object(CDbCriteria))
#8 F:\www\mstv\framework\web\actions\CInlineAction.php(49): StudentController->actionSearchCourses()
#9 F:\www\mstv\framework\web\CController.php(308): CInlineAction->runWithParams(Array)
#10 F:\www\mstv\framework\web\CController.php(286): CController->runAction(Object(CInlineAction))
#11 F:\www\mstv\framework\web\CController.php(265): CController->runActionWithFilters(Object(CInlineAction), Array)
#12 F:\www\mstv\framework\web\CWebApplication.php(282): CController->run('SearchCourses')
#13 F:\www\mstv\framework\web\CWebApplication.php(141): CWebApplication->runController('Student/SearchC...')
#14 F:\www\mstv\framework\base\CApplication.php(184): CWebApplication->processRequest()
#15 F:\www\mstv\internet\index.php(13): CApplication->run()
#16 {main}
REQUEST_URI=/Student/SearchCourses/
HTTP_REFERER=http://internet.local/Student/SearchCourses/
---
2016/05/22 08:41:26 [warning] [application] Failed to set unsafe attribute "id" of "CoursesForm".
in F:\www\mstv\internet\protected\controllers\BackgroundController.php (294)
in F:\www\mstv\internet\index.php (13)
2016/05/22 08:41:32 [warning] [application] Failed to set unsafe attribute "id" of "CoursesForm".
in F:\www\mstv\internet\protected\controllers\BackgroundController.php (294)
in F:\www\mstv\internet\index.php (13)
2016/05/22 09:21:59 [error] [exception.CHttpException.404] exception 'CHttpException' with message '系统无法找到请求的 "SearchCoursesStudent" 动作.' in F:\www\mstv\framework\web\CController.php:483
Stack trace:
#0 F:\www\mstv\framework\web\CController.php(270): CController->missingAction('SearchCoursesSt...')
#1 F:\www\mstv\framework\web\CWebApplication.php(282): CController->run('SearchCoursesSt...')
#2 F:\www\mstv\framework\web\CWebApplication.php(141): CWebApplication->runController('student/SearchC...')
#3 F:\www\mstv\framework\base\CApplication.php(184): CWebApplication->processRequest()
#4 F:\www\mstv\internet\index.php(13): CApplication->run()
#5 {main}
REQUEST_URI=/student/SearchCoursesStudent?id=1
HTTP_REFERER=http://internet.local/Teacher/SearchCourses/
---
2016/05/22 09:26:14 [error] [exception.CException] exception 'CException' with message 'CDbCriteria and its behaviors do not have a method or closure named "select".' in F:\www\mstv\framework\base\CComponent.php:266
Stack trace:
#0 F:\www\mstv\internet\protected\controllers\TeacherController.php(155): CComponent->__call('select', Array)
#1 F:\www\mstv\internet\protected\controllers\TeacherController.php(155): CDbCriteria->select('student_id')
#2 F:\www\mstv\framework\web\actions\CInlineAction.php(49): TeacherController->actionSearchCoursesStudent()
#3 F:\www\mstv\framework\web\CController.php(308): CInlineAction->runWithParams(Array)
#4 F:\www\mstv\framework\web\CController.php(286): CController->runAction(Object(CInlineAction))
#5 F:\www\mstv\framework\web\CController.php(265): CController->runActionWithFilters(Object(CInlineAction), Array)
#6 F:\www\mstv\framework\web\CWebApplication.php(282): CController->run('SearchCoursesSt...')
#7 F:\www\mstv\framework\web\CWebApplication.php(141): CWebApplication->runController('teacher/SearchC...')
#8 F:\www\mstv\framework\base\CApplication.php(184): CWebApplication->processRequest()
#9 F:\www\mstv\internet\index.php(13): CApplication->run()
#10 {main}
REQUEST_URI=/teacher/SearchCoursesStudent?id=1
HTTP_REFERER=http://internet.local/Teacher/SearchCourses/
---
2016/05/22 09:26:30 [error] [php] Object of class StudentCourses could not be converted to string (F:\www\mstv\framework\db\CDbCommand.php:275)
Stack trace:
#0 F:\www\mstv\framework\db\schema\CDbCommandBuilder.php(177): CMysqlCommandBuilder->bindValues()
#1 F:\www\mstv\framework\db\ar\CActiveRecord.php(1606): CMysqlCommandBuilder->createCountCommand()
#2 F:\www\mstv\internet\protected\controllers\TeacherController.php(166): Student->count()
#3 F:\www\mstv\framework\web\actions\CInlineAction.php(49): TeacherController->actionSearchCoursesStudent()
#4 F:\www\mstv\framework\web\CController.php(308): CInlineAction->runWithParams()
#5 F:\www\mstv\framework\web\CController.php(286): TeacherController->runAction()
#6 F:\www\mstv\framework\web\CController.php(265): TeacherController->runActionWithFilters()
#7 F:\www\mstv\framework\web\CWebApplication.php(282): TeacherController->run()
#8 F:\www\mstv\framework\web\CWebApplication.php(141): CWebApplication->runController()
#9 F:\www\mstv\framework\base\CApplication.php(184): CWebApplication->processRequest()
#10 F:\www\mstv\internet\index.php(13): CWebApplication->run()
REQUEST_URI=/teacher/SearchCoursesStudent?id=1
in F:\www\mstv\internet\protected\controllers\TeacherController.php (166)
in F:\www\mstv\internet\index.php (13)
2016/05/22 09:55:20 [error] [exception.CHttpException.404] exception 'CHttpException' with message '无法解析请求 "Admin/index"。' in F:\www\mstv\framework\web\CWebApplication.php:286
Stack trace:
#0 F:\www\mstv\framework\web\CWebApplication.php(141): CWebApplication->runController('Admin/index')
#1 F:\www\mstv\framework\base\CApplication.php(184): CWebApplication->processRequest()
#2 F:\www\mstv\internet\index.php(13): CApplication->run()
#3 {main}
REQUEST_URI=/Admin/index
HTTP_REFERER=http://internet.local/site/index
---
2016/05/22 09:55:57 [error] [exception.CHttpException.404] exception 'CHttpException' with message '无法解析请求 "Admin/index"。' in F:\www\mstv\framework\web\CWebApplication.php:286
Stack trace:
#0 F:\www\mstv\framework\web\CWebApplication.php(141): CWebApplication->runController('Admin/index')
#1 F:\www\mstv\framework\base\CApplication.php(184): CWebApplication->processRequest()
#2 F:\www\mstv\internet\index.php(13): CApplication->run()
#3 {main}
REQUEST_URI=/Admin/index
HTTP_REFERER=http://internet.local/site/index
---
2016/05/22 09:58:28 [error] [exception.CHttpException.404] exception 'CHttpException' with message '无法解析请求 "Admin/index"。' in F:\www\mstv\framework\web\CWebApplication.php:286
Stack trace:
#0 F:\www\mstv\framework\web\CWebApplication.php(141): CWebApplication->runController('Admin/index')
#1 F:\www\mstv\framework\base\CApplication.php(184): CWebApplication->processRequest()
#2 F:\www\mstv\internet\index.php(13): CApplication->run()
#3 {main}
REQUEST_URI=/Admin/index
HTTP_REFERER=http://internet.local/site/index
---
2016/05/22 09:59:47 [error] [exception.CHttpException.404] exception 'CHttpException' with message '无法解析请求 "favicon.ico"。' in F:\www\mstv\framework\web\CWebApplication.php:286
Stack trace:
#0 F:\www\mstv\framework\web\CWebApplication.php(141): CWebApplication->runController('favicon.ico')
#1 F:\www\mstv\framework\base\CApplication.php(184): CWebApplication->processRequest()
#2 F:\www\mstv\internet\index.php(13): CApplication->run()
#3 {main}
REQUEST_URI=/favicon.ico
HTTP_REFERER=http://internet.local/site/index
---
2016/05/22 09:59:49 [error] [exception.CHttpException.404] exception 'CHttpException' with message '无法解析请求 "favicon.ico"。' in F:\www\mstv\framework\web\CWebApplication.php:286
Stack trace:
#0 F:\www\mstv\framework\web\CWebApplication.php(141): CWebApplication->runController('favicon.ico')
#1 F:\www\mstv\framework\base\CApplication.php(184): CWebApplication->processRequest()
#2 F:\www\mstv\internet\index.php(13): CApplication->run()
#3 {main}
REQUEST_URI=/favicon.ico
HTTP_REFERER=http://internet.local/site/index
---
2016/05/22 10:50:48 [error] [php] Undefined variable: model (F:\www\mstv\internet\protected\views\background\teacher_show.php:36)
Stack trace:
#0 F:\www\mstv\framework\web\CController.php(869): BackgroundController->renderFile()
#1 F:\www\mstv\framework\web\CController.php(782): BackgroundController->renderPartial()
#2 F:\www\mstv\internet\protected\controllers\BackgroundController.php(161): BackgroundController->render()
#3 F:\www\mstv\framework\web\actions\CInlineAction.php(49): BackgroundController->actionTeacherInfo()
#4 F:\www\mstv\framework\web\CController.php(308): CInlineAction->runWithParams()
#5 F:\www\mstv\framework\web\CController.php(286): BackgroundController->runAction()
#6 F:\www\mstv\framework\web\CController.php(265): BackgroundController->runActionWithFilters()
#7 F:\www\mstv\framework\web\CWebApplication.php(282): BackgroundController->run()
#8 F:\www\mstv\framework\web\CWebApplication.php(141): CWebApplication->runController()
#9 F:\www\mstv\framework\base\CApplication.php(184): CWebApplication->processRequest()
#10 F:\www\mstv\internet\index.php(13): CWebApplication->run()
REQUEST_URI=/background/TeacherInfo/
in F:\www\mstv\internet\protected\views\background\teacher_show.php (36)
in F:\www\mstv\internet\protected\controllers\BackgroundController.php (161)
in F:\www\mstv\internet\index.php (13)
2016/05/22 10:55:40 [error] [php] Undefined index: StudentForm (F:\www\mstv\internet\protected\controllers\BackgroundController.php:29)
Stack trace:
#0 F:\www\mstv\framework\web\CController.php(286): BackgroundController->runAction()
#1 F:\www\mstv\framework\web\CController.php(265): BackgroundController->runActionWithFilters()
#2 F:\www\mstv\framework\web\CWebApplication.php(282): BackgroundController->run()
#3 F:\www\mstv\framework\web\CWebApplication.php(141): CWebApplication->runController()
#4 F:\www\mstv\framework\base\CApplication.php(184): CWebApplication->processRequest()
#5 F:\www\mstv\internet\index.php(13): CWebApplication->run()
REQUEST_URI=/background/CoursesList/
in F:\www\mstv\internet\protected\controllers\BackgroundController.php (29)
in F:\www\mstv\internet\index.php (13)
2016/05/22 11:07:55 [error] [system.db.CDbCommand] CDbCommand::fetchColumn() failed: SQLSTATE[42S22]: Column not found: 1054 Unknown column 'name' in 'where clause'. The SQL statement executed was: SELECT COUNT(*) FROM `student_courses` `t` WHERE (name LIKE :ycp0) AND (student_id=:ycp1).
in F:\www\mstv\internet\protected\controllers\StudentController.php (79)
in F:\www\mstv\internet\index.php (13)
2016/05/22 11:07:55 [error] [exception.CDbException] exception 'CDbException' with message 'CDbCommand 无法执行 SQL 语句: SQLSTATE[42S22]: Column not found: 1054 Unknown column 'name' in 'where clause'. The SQL statement executed was: SELECT COUNT(*) FROM `student_courses` `t` WHERE (name LIKE :ycp0) AND (student_id=:ycp1)' in F:\www\mstv\framework\db\CDbCommand.php:543
Stack trace:
#0 F:\www\mstv\framework\db\CDbCommand.php(433): CDbCommand->queryInternal('fetchColumn', 0, Array)
#1 F:\www\mstv\framework\db\ar\CActiveRecord.php(1606): CDbCommand->queryScalar()
#2 F:\www\mstv\internet\protected\controllers\StudentController.php(79): CActiveRecord->count(Object(CDbCriteria))
#3 F:\www\mstv\framework\web\actions\CInlineAction.php(49): StudentController->actionSearchCourses()
#4 F:\www\mstv\framework\web\CController.php(308): CInlineAction->runWithParams(Array)
#5 F:\www\mstv\framework\web\CController.php(286): CController->runAction(Object(CInlineAction))
#6 F:\www\mstv\framework\web\CController.php(265): CController->runActionWithFilters(Object(CInlineAction), Array)
#7 F:\www\mstv\framework\web\CWebApplication.php(282): CController->run('SearchCourses')
#8 F:\www\mstv\framework\web\CWebApplication.php(141): CWebApplication->runController('Student/SearchC...')
#9 F:\www\mstv\framework\base\CApplication.php(184): CWebApplication->processRequest()
#10 F:\www\mstv\internet\index.php(13): CApplication->run()
#11 {main}
REQUEST_URI=/Student/SearchCourses/
HTTP_REFERER=http://internet.local/Student/SearchCourses/
---
2016/05/22 11:12:59 [error] [php] Undefined variable: model (F:\www\mstv\internet\protected\views\student\teacher_show.php:37)
Stack trace:
#0 F:\www\mstv\framework\web\CController.php(869): StudentController->renderFile()
#1 F:\www\mstv\framework\web\CController.php(782): StudentController->renderPartial()
#2 F:\www\mstv\internet\protected\controllers\StudentController.php(203): StudentController->render()
#3 F:\www\mstv\framework\web\actions\CInlineAction.php(49): StudentController->actionSearchTeacher()
#4 F:\www\mstv\framework\web\CController.php(308): CInlineAction->runWithParams()
#5 F:\www\mstv\framework\web\CController.php(286): StudentController->runAction()
#6 F:\www\mstv\framework\web\CController.php(265): StudentController->runActionWithFilters()
#7 F:\www\mstv\framework\web\CWebApplication.php(282): StudentController->run()
#8 F:\www\mstv\framework\web\CWebApplication.php(141): CWebApplication->runController()
#9 F:\www\mstv\framework\base\CApplication.php(184): CWebApplication->processRequest()
#10 F:\www\mstv\internet\index.php(13): CWebApplication->run()
REQUEST_URI=/Student/SearchTeacher/
in F:\www\mstv\internet\protected\views\student\teacher_show.php (37)
in F:\www\mstv\internet\protected\controllers\StudentController.php (203)
in F:\www\mstv\internet\index.php (13)
2016/05/22 11:13:08 [error] [php] Undefined variable: model (F:\www\mstv\internet\protected\controllers\StudentController.php:204)
Stack trace:
#0 F:\www\mstv\framework\web\CController.php(286): StudentController->runAction()
#1 F:\www\mstv\framework\web\CController.php(265): StudentController->runActionWithFilters()
#2 F:\www\mstv\framework\web\CWebApplication.php(282): StudentController->run()
#3 F:\www\mstv\framework\web\CWebApplication.php(141): CWebApplication->runController()
#4 F:\www\mstv\framework\base\CApplication.php(184): CWebApplication->processRequest()
#5 F:\www\mstv\internet\index.php(13): CWebApplication->run()
REQUEST_URI=/Student/SearchTeacher/
in F:\www\mstv\internet\protected\controllers\StudentController.php (204)
in F:\www\mstv\internet\index.php (13)
2016/05/22 11:16:19 [error] [php] Undefined variable: model (F:\www\mstv\internet\protected\views\student\search_score.php:4)
Stack trace:
#0 F:\www\mstv\framework\web\CController.php(869): StudentController->renderFile()
#1 F:\www\mstv\framework\web\CController.php(782): StudentController->renderPartial()
#2 F:\www\mstv\internet\protected\controllers\StudentController.php(237): StudentController->render()
#3 F:\www\mstv\framework\web\actions\CInlineAction.php(49): StudentController->actionSearchScore()
#4 F:\www\mstv\framework\web\CController.php(308): CInlineAction->runWithParams()
#5 F:\www\mstv\framework\web\CController.php(286): StudentController->runAction()
#6 F:\www\mstv\framework\web\CController.php(265): StudentController->runActionWithFilters()
#7 F:\www\mstv\framework\web\CWebApplication.php(282): StudentController->run()
#8 F:\www\mstv\framework\web\CWebApplication.php(141): CWebApplication->runController()
#9 F:\www\mstv\framework\base\CApplication.php(184): CWebApplication->processRequest()
#10 F:\www\mstv\internet\index.php(13): CWebApplication->run()
REQUEST_URI=/Student/SearchScore/
in F:\www\mstv\internet\protected\views\student\search_score.php (4)
in F:\www\mstv\internet\protected\controllers\StudentController.php (237)
in F:\www\mstv\internet\index.php (13)
2016/05/22 11:16:27 [error] [exception.CException] exception 'CException' with message '属性 "CoursesForm.username" 未被定义.' in F:\www\mstv\framework\base\CComponent.php:130
Stack trace:
#0 F:\www\mstv\framework\web\helpers\CHtml.php(2728): CComponent->__get('username')
#1 F:\www\mstv\framework\web\helpers\CHtml.php(2451): CHtml::resolveValue(Object(CoursesForm), 'username')
#2 F:\www\mstv\framework\web\helpers\CHtml.php(1533): CHtml::activeInputField('text', Object(CoursesForm), 'username', Array)
#3 F:\www\mstv\framework\web\widgets\CActiveForm.php(792): CHtml::activeTextField(Object(CoursesForm), 'username', Array)
#4 F:\www\mstv\internet\protected\views\student\search_score.php(4): CActiveForm->textField(Object(CoursesForm), 'username', Array)
#5 F:\www\mstv\framework\web\CBaseController.php(126): require('F:\\www\\mstv\\int...')
#6 F:\www\mstv\framework\web\CBaseController.php(95): CBaseController->renderInternal('F:\\www\\mstv\\int...', Array, true)
#7 F:\www\mstv\framework\web\CController.php(869): CBaseController->renderFile('F:\\www\\mstv\\int...', Array, true)
#8 F:\www\mstv\framework\web\CController.php(782): CController->renderPartial('search_score', Array, true)
#9 F:\www\mstv\internet\protected\controllers\StudentController.php(238): CController->render('search_score', Array)
#10 F:\www\mstv\framework\web\actions\CInlineAction.php(49): StudentController->actionSearchScore()
#11 F:\www\mstv\framework\web\CController.php(308): CInlineAction->runWithParams(Array)
#12 F:\www\mstv\framework\web\CController.php(286): CController->runAction(Object(CInlineAction))
#13 F:\www\mstv\framework\web\CController.php(265): CController->runActionWithFilters(Object(CInlineAction), Array)
#14 F:\www\mstv\framework\web\CWebApplication.php(282): CController->run('SearchScore')
#15 F:\www\mstv\framework\web\CWebApplication.php(141): CWebApplication->runController('Student/SearchS...')
#16 F:\www\mstv\framework\base\CApplication.php(184): CWebApplication->processRequest()
#17 F:\www\mstv\internet\index.php(13): CApplication->run()
#18 {main}
REQUEST_URI=/Student/SearchScore/
HTTP_REFERER=http://internet.local/Student/SearchScore/
---
2016/05/22 11:16:59 [error] [exception.CException] exception 'CException' with message '属性 "CoursesForm.username" 未被定义.' in F:\www\mstv\framework\base\CComponent.php:130
Stack trace:
#0 F:\www\mstv\framework\web\helpers\CHtml.php(2728): CComponent->__get('username')
#1 F:\www\mstv\framework\web\helpers\CHtml.php(2451): CHtml::resolveValue(Object(CoursesForm), 'username')
#2 F:\www\mstv\framework\web\helpers\CHtml.php(1533): CHtml::activeInputField('text', Object(CoursesForm), 'username', Array)
#3 F:\www\mstv\framework\web\widgets\CActiveForm.php(792): CHtml::activeTextField(Object(CoursesForm), 'username', Array)
#4 F:\www\mstv\internet\protected\views\student\search_score.php(4): CActiveForm->textField(Object(CoursesForm), 'username', Array)
#5 F:\www\mstv\framework\web\CBaseController.php(126): require('F:\\www\\mstv\\int...')
#6 F:\www\mstv\framework\web\CBaseController.php(95): CBaseController->renderInternal('F:\\www\\mstv\\int...', Array, true)
#7 F:\www\mstv\framework\web\CController.php(869): CBaseController->renderFile('F:\\www\\mstv\\int...', Array, true)
#8 F:\www\mstv\framework\web\CController.php(782): CController->renderPartial('search_score', Array, true)
#9 F:\www\mstv\internet\protected\controllers\StudentController.php(238): CController->render('search_score', Array)
#10 F:\www\mstv\framework\web\actions\CInlineAction.php(49): StudentController->actionSearchScore()
#11 F:\www\mstv\framework\web\CController.php(308): CInlineAction->runWithParams(Array)
#12 F:\www\mstv\framework\web\CController.php(286): CController->runAction(Object(CInlineAction))
#13 F:\www\mstv\framework\web\CController.php(265): CController->runActionWithFilters(Object(CInlineAction), Array)
#14 F:\www\mstv\framework\web\CWebApplication.php(282): CController->run('SearchScore')
#15 F:\www\mstv\framework\web\CWebApplication.php(141): CWebApplication->runController('Student/SearchS...')
#16 F:\www\mstv\framework\base\CApplication.php(184): CWebApplication->processRequest()
#17 F:\www\mstv\internet\index.php(13): CApplication->run()
#18 {main}
REQUEST_URI=/Student/SearchScore/
HTTP_REFERER=http://internet.local/Student/SearchScore/
---
2016/05/22 11:21:54 [error] [php] Undefined variable: model (F:\www\mstv\internet\protected\views\teacher\need_enter_score_list.php:36)
Stack trace:
#0 F:\www\mstv\framework\web\CController.php(869): TeacherController->renderFile()
#1 F:\www\mstv\framework\web\CController.php(782): TeacherController->renderPartial()
#2 F:\www\mstv\internet\protected\controllers\TeacherController.php(89): TeacherController->render()
#3 F:\www\mstv\framework\web\actions\CInlineAction.php(49): TeacherController->actionNeedEnterScoreList()
#4 F:\www\mstv\framework\web\CController.php(308): CInlineAction->runWithParams()
#5 F:\www\mstv\framework\web\CController.php(286): TeacherController->runAction()
#6 F:\www\mstv\framework\web\CController.php(265): TeacherController->runActionWithFilters()
#7 F:\www\mstv\framework\web\CWebApplication.php(282): TeacherController->run()
#8 F:\www\mstv\framework\web\CWebApplication.php(141): CWebApplication->runController()
#9 F:\www\mstv\framework\base\CApplication.php(184): CWebApplication->processRequest()
#10 F:\www\mstv\internet\index.php(13): CWebApplication->run()
REQUEST_URI=/Teacher/NeedEnterScoreList
in F:\www\mstv\internet\protected\views\teacher\need_enter_score_list.php (36)
in F:\www\mstv\internet\protected\controllers\TeacherController.php (89)
in F:\www\mstv\internet\index.php (13)
